<?xml version="1.0" encoding="UTF-8"?>
<!-- Generated by org.testng.reporters.JUnitXMLReporter -->
<testsuite ignored="0" hostname="HomePC" failures="4" tests="8" name="Surefire test" time="0.063" errors="0" timestamp="2023-02-26T19:57:11 OMST">
  <testcase classname="TestPerson" name="personIsTeenagerTest" time="0.013">
    <failure type="java.lang.AssertionError" message="expected [false] but found [true]">
      <![CDATA[java.lang.AssertionError: expected [false] but found [true]
at TestPerson.personIsTeenagerTest(TestPerson.java:53)
at java.base/java.util.ArrayList.forEach(ArrayList.java:1511)
... Removed 36 stack frames]]>
    </failure>
  </testcase> <!-- personIsTeenagerTest -->
  <testcase classname="TestPerson" name="personIsTeenagerTest" time="0.0">
    <failure type="java.lang.AssertionError" message="expected [false] but found [true]">
      <![CDATA[java.lang.AssertionError: expected [false] but found [true]
at TestPerson.personIsTeenagerTest(TestPerson.java:53)
at java.base/java.util.ArrayList.forEach(ArrayList.java:1511)
... Removed 36 stack frames]]>
    </failure>
  </testcase> <!-- personIsTeenagerTest -->
  <testcase classname="TestPerson" name="personIsTeenagerTest" time="0.0">
    <failure type="java.lang.AssertionError" message="expected [false] but found [true]">
      <![CDATA[java.lang.AssertionError: expected [false] but found [true]
at TestPerson.personIsTeenagerTest(TestPerson.java:53)
at java.base/java.util.ArrayList.forEach(ArrayList.java:1511)
... Removed 36 stack frames]]>
    </failure>
  </testcase> <!-- personIsTeenagerTest -->
  <testcase classname="TestPerson" name="personIsTeenagerTest" time="0.0"/>
  <testcase classname="TestPerson" name="personIsTeenagerTest" time="0.001"/>
  <testcase classname="TestPerson" name="personIsTeenagerTest" time="0.0"/>
  <testcase classname="TestPerson" name="personIsTeenagerTest" time="0.0">
    <failure type="java.lang.AssertionError" message="expected [true] but found [false]">
      <![CDATA[java.lang.AssertionError: expected [true] but found [false]
at TestPerson.personIsTeenagerTest(TestPerson.java:53)
at java.base/java.util.ArrayList.forEach(ArrayList.java:1511)
... Removed 36 stack frames]]>
    </failure>
  </testcase> <!-- personIsTeenagerTest -->
  <testcase classname="TestPerson" name="personIsTeenagerTest" time="0.001"/>
</testsuite> <!-- Surefire test -->
