<?xml version="1.0" encoding="UTF-8"?>
<testsuite xmlns:xsi="http://www.w3.org/2001/XMLSchema-instance" xsi:noNamespaceSchemaLocation="https://maven.apache.org/surefire/maven-surefire-plugin/xsd/surefire-test-report.xsd" name="TestPerson" time="0.414" tests="8" errors="0" skipped="0" failures="4">
  <properties>
[...]
</properties>
  <testcase name="personIsTeenagerTest" classname="TestPerson" time="0.017">
    <failure message="expected [false] but found [true]" type="java.lang.AssertionError">java.lang.AssertionError: expected [false] but found [true]
	at TestPerson.personIsTeenagerTest(TestPerson.java:53)
</failure>
    <system-out><![CDATA[The test started in: 2023/02/26 19:57:11
Для возраста -1: Результат: true / Ожидаемый результат: false
]]></system-out>
    <system-err><![CDATA[SLF4J: Failed to load class "org.slf4j.impl.StaticLoggerBinder".
SLF4J: Defaulting to no-operation (NOP) logger implementation
SLF4J: See http://www.slf4j.org/codes.html#StaticLoggerBinder for further details.
]]></system-err>
  </testcase>
  <testcase name="personIsTeenagerTest" classname="TestPerson" time="0">
    <failure message="expected [false] but found [true]" type="java.lang.AssertionError">java.lang.AssertionError: expected [false] but found [true]
	at TestPerson.personIsTeenagerTest(TestPerson.java:53)
</failure>
    <system-out><![CDATA[Для возраста 0: Результат: true / Ожидаемый результат: false
]]></system-out>
  </testcase>
  <testcase name="personIsTeenagerTest" classname="TestPerson" time="0">
    <failure message="expected [false] but found [true]" type="java.lang.AssertionError">java.lang.AssertionError: expected [false] but found [true]
	at TestPerson.personIsTeenagerTest(TestPerson.java:53)
</failure>
    <system-out><![CDATA[Для возраста 12: Результат: true / Ожидаемый результат: false
]]></system-out>
  </testcase>
  <testcase name="personIsTeenagerTest" classname="TestPerson" time="0"/>
  <testcase name="personIsTeenagerTest" classname="TestPerson" time="0"/>
  <testcase name="personIsTeenagerTest" classname="TestPerson" time="0.001"/>
  <testcase name="personIsTeenagerTest" classname="TestPerson" time="0">
    <failure message="expected [true] but found [false]" type="java.lang.AssertionError">java.lang.AssertionError: expected [true] but found [false]
	at TestPerson.personIsTeenagerTest(TestPerson.java:53)
</failure>
    <system-out><![CDATA[Для возраста 19: Результат: false / Ожидаемый результат: true
]]></system-out>
  </testcase>
  <testcase name="personIsTeenagerTest" classname="TestPerson" time="0"/>
</testsuite>